[I 160630 09:36:47 nmdcserver:175] 
    
    
    
[I 160630 09:36:47 nmdcserver:176] ____________ NMDC SERVER LOG ____________
[I 160630 09:36:47 nmdcserver:177] Config file loaded.
[I 160630 09:36:47 nmdcserver:210] Started one processes.
[I 160630 09:38:11 nmdcserver:175] 
    
    
    
[I 160630 09:38:11 nmdcserver:176] ____________ NMDC SERVER LOG ____________
[I 160630 09:38:11 nmdcserver:177] Config file loaded.
[I 160630 09:38:11 nmdcserver:210] Started one processes.
[I 160630 09:38:33 nmdcserver:175] 
    
    
    
[I 160630 09:38:33 nmdcserver:176] ____________ NMDC SERVER LOG ____________
[I 160630 09:38:33 nmdcserver:177] Config file loaded.
[I 160630 09:38:33 nmdcserver:210] Started one processes.
[I 160630 09:38:38 nmdcserver:175] 
    
    
    
[I 160630 09:38:38 nmdcserver:176] ____________ NMDC SERVER LOG ____________
[I 160630 09:38:38 nmdcserver:177] Config file loaded.
[I 160630 09:38:38 nmdcserver:210] Started one processes.
[I 160630 09:39:27 nmdcserver:175] 
    
    
    
[I 160630 09:39:27 nmdcserver:176] ____________ NMDC SERVER LOG ____________
[I 160630 09:39:27 nmdcserver:177] Config file loaded.
[I 160630 09:39:56 nmdcserver:210] Started one processes.
[W 160630 09:51:46 nmdcserver:59] Login by IP ::1
[W 160630 09:51:47 web:1946] 404 GET /static/bower_components/components-font-awesome/fonts/fontawesome-webfont.woff2?v=4.5.0 (::1) 3.00ms
